<?xml version="1.0" encoding="UTF-8"?>
<testsuite xmlns:xsi="http://www.w3.org/2001/XMLSchema-instance" xsi:noNamespaceSchemaLocation="https://maven.apache.org/surefire/maven-surefire-plugin/xsd/surefire-test-report.xsd" name="com.pcwk.ehr.JunitUserDaoTest" time="1.738" tests="2" errors="1" skipped="0" failures="0">
  <properties>
[...]
</properties>
  <testcase name="addAndGet" classname="com.pcwk.ehr.JunitUserDaoTest" time="0.986">
    <error type="java.lang.NullPointerException">java.lang.NullPointerException
	at com.pcwk.ehr.JunitUserDaoTest.addAndGet(JunitUserDaoTest.java:55)
</error>
    <system-out><![CDATA[[2022-05-31 10:47:02.273] INFO  AbstractTestContextBootstrapper.getDefaultTestExecutionListenerClassNames(AbstractTestContextBootstrapper.java:245) - Loaded default TestExecutionListener class names from location [META-INF/spring.factories]: [org.springframework.test.context.web.ServletTestExecutionListener, org.springframework.test.context.support.DirtiesContextBeforeModesTestExecutionListener, org.springframework.test.context.event.ApplicationEventsTestExecutionListener, org.springframework.test.context.support.DependencyInjectionTestExecutionListener, org.springframework.test.context.support.DirtiesContextTestExecutionListener, org.springframework.test.context.transaction.TransactionalTestExecutionListener, org.springframework.test.context.jdbc.SqlScriptsTestExecutionListener, org.springframework.test.context.event.EventPublishingTestExecutionListener]
[2022-05-31 10:47:02.284] INFO  AbstractTestContextBootstrapper.getTestExecutionListeners(AbstractTestContextBootstrapper.java:174) - Using TestExecutionListeners: [org.springframework.test.context.support.DirtiesContextBeforeModesTestExecutionListener@2525ff7e, org.springframework.test.context.event.ApplicationEventsTestExecutionListener@524d6d96, org.springframework.test.context.support.DependencyInjectionTestExecutionListener@152aa092, org.springframework.test.context.support.DirtiesContextTestExecutionListener@44a7bfbc, org.springframework.test.context.transaction.TransactionalTestExecutionListener@4ef37659, org.springframework.test.context.jdbc.SqlScriptsTestExecutionListener@776b83cc, org.springframework.test.context.event.EventPublishingTestExecutionListener@37858383]
[2022-05-31 10:47:02.528] DEBUG JunitUserDaoTest.setUp(JunitUserDaoTest.java:87) - =============
[2022-05-31 10:47:02.528] DEBUG JunitUserDaoTest.setUp(JunitUserDaoTest.java:88) - =0.setUp()=
[2022-05-31 10:47:02.528] DEBUG JunitUserDaoTest.setUp(JunitUserDaoTest.java:89) - =============
[2022-05-31 10:47:02.530] DEBUG JunitUserDaoTest.setUp(JunitUserDaoTest.java:93) - context: org.springframework.context.support.GenericApplicationContext@550ee7e5, started on Tue May 31 10:47:02 KST 2022
[2022-05-31 10:47:02.530] DEBUG JunitUserDaoTest.setUp(JunitUserDaoTest.java:94) - dao: com.pcwk.ehr.UserDao@5c669da8
[2022-05-31 10:47:02.531] DEBUG JunitUserDaoTest.addAndGet(JunitUserDaoTest.java:33) - =============
[2022-05-31 10:47:02.531] DEBUG JunitUserDaoTest.addAndGet(JunitUserDaoTest.java:34) - =1.addAndGet()=
[2022-05-31 10:47:02.531] DEBUG JunitUserDaoTest.addAndGet(JunitUserDaoTest.java:35) - =============
[2022-05-31 10:47:02.981] DEBUG UserDao.deleteAll(UserDao.java:94) - ================================
[2022-05-31 10:47:02.982] DEBUG UserDao.deleteAll(UserDao.java:95) - SQL:
 DELETE FROM hr_member 

[2022-05-31 10:47:02.982] DEBUG UserDao.deleteAll(UserDao.java:96) - ================================
[2022-05-31 10:47:03.057] DEBUG UserDao.deleteAll(UserDao.java:103) - =flag=0
[2022-05-31 10:47:03.099] DEBUG UserDao.getCount(UserDao.java:50) - =========================
[2022-05-31 10:47:03.100] DEBUG UserDao.getCount(UserDao.java:51) - param: UserVO [uId=p05, name=김무엘05, passwd=4321]
[2022-05-31 10:47:03.100] DEBUG UserDao.getCount(UserDao.java:52) - SQL:
 SELECT COUNT(*) AS cnt  
 FROM hr_member          
 WHERE u_id LIKE ?||'%'  

[2022-05-31 10:47:03.100] DEBUG UserDao.getCount(UserDao.java:53) - =========================
[2022-05-31 10:47:03.152] DEBUG UserDao.getCount(UserDao.java:64) - =count=0
[2022-05-31 10:47:03.246] DEBUG UserDao.add(UserDao.java:203) - ================================
[2022-05-31 10:47:03.246] DEBUG UserDao.add(UserDao.java:204) - param: UserVO [uId=p05, name=김무엘05, passwd=4321]
[2022-05-31 10:47:03.246] DEBUG UserDao.add(UserDao.java:205) - SQL:
 INSERT INTO hr_member (  
     u_id,                
     name,                
     passwd               
 ) VALUES (               
     ?,                   
     ?,                   
     ?                    
 )                        

[2022-05-31 10:47:03.246] DEBUG UserDao.add(UserDao.java:206) - ================================
[2022-05-31 10:47:03.248] DEBUG UserDao.add(UserDao.java:216) - =flag=1
[2022-05-31 10:47:03.292] DEBUG UserDao.getCount(UserDao.java:50) - =========================
[2022-05-31 10:47:03.293] DEBUG UserDao.getCount(UserDao.java:51) - param: UserVO [uId=p05, name=김무엘05, passwd=4321]
[2022-05-31 10:47:03.293] DEBUG UserDao.getCount(UserDao.java:52) - SQL:
 SELECT COUNT(*) AS cnt  
 FROM hr_member          
 WHERE u_id LIKE ?||'%'  

[2022-05-31 10:47:03.293] DEBUG UserDao.getCount(UserDao.java:53) - =========================
[2022-05-31 10:47:03.294] DEBUG UserDao.getCount(UserDao.java:64) - =count=1
[2022-05-31 10:47:03.339] DEBUG UserDao.add(UserDao.java:203) - ================================
[2022-05-31 10:47:03.339] DEBUG UserDao.add(UserDao.java:204) - param: UserVO [uId=p050, name=김무엘050, passwd=4321]
[2022-05-31 10:47:03.339] DEBUG UserDao.add(UserDao.java:205) - SQL:
 INSERT INTO hr_member (  
     u_id,                
     name,                
     passwd               
 ) VALUES (               
     ?,                   
     ?,                   
     ?                    
 )                        

[2022-05-31 10:47:03.339] DEBUG UserDao.add(UserDao.java:206) - ================================
[2022-05-31 10:47:03.341] DEBUG UserDao.add(UserDao.java:216) - =flag=1
[2022-05-31 10:47:03.383] DEBUG UserDao.getCount(UserDao.java:50) - =========================
[2022-05-31 10:47:03.383] DEBUG UserDao.getCount(UserDao.java:51) - param: UserVO [uId=p05, name=김무엘05, passwd=4321]
[2022-05-31 10:47:03.383] DEBUG UserDao.getCount(UserDao.java:52) - SQL:
 SELECT COUNT(*) AS cnt  
 FROM hr_member          
 WHERE u_id LIKE ?||'%'  

[2022-05-31 10:47:03.383] DEBUG UserDao.getCount(UserDao.java:53) - =========================
[2022-05-31 10:47:03.384] DEBUG UserDao.getCount(UserDao.java:64) - =count=2
[2022-05-31 10:47:03.428] DEBUG UserDao.get(UserDao.java:137) - =========================
[2022-05-31 10:47:03.429] DEBUG UserDao.get(UserDao.java:138) - param: UserVO [uId=p05, name=김무엘05, passwd=4321]
[2022-05-31 10:47:03.429] DEBUG UserDao.get(UserDao.java:139) - SQL:
 SELECT         
     u_id,      
     name,      
     passwd     
 FROM hr_member 
 WHERE u_id = ? 

[2022-05-31 10:47:03.429] DEBUG UserDao.get(UserDao.java:140) - =========================
[2022-05-31 10:47:03.436] DEBUG UserDao.get(UserDao.java:162) - =outVO=UserVO [uId=p05, name=김무엘05, passwd=4321]
[2022-05-31 10:47:03.480] DEBUG UserDao.get(UserDao.java:137) - =========================
[2022-05-31 10:47:03.480] DEBUG UserDao.get(UserDao.java:138) - param: UserVO [uId=p050, name=김무엘050, passwd=4321]
[2022-05-31 10:47:03.481] DEBUG UserDao.get(UserDao.java:139) - SQL:
 SELECT         
     u_id,      
     name,      
     passwd     
 FROM hr_member 
 WHERE u_id = ? 

[2022-05-31 10:47:03.481] DEBUG UserDao.get(UserDao.java:140) - =========================
[2022-05-31 10:47:03.487] DEBUG JunitUserDaoTest.tearDown(JunitUserDaoTest.java:103) - =============
[2022-05-31 10:47:03.488] DEBUG JunitUserDaoTest.tearDown(JunitUserDaoTest.java:104) - =9.tearDown()=
[2022-05-31 10:47:03.488] DEBUG JunitUserDaoTest.tearDown(JunitUserDaoTest.java:105) - =============
]]></system-out>
  </testcase>
  <testcase name="getFailure" classname="com.pcwk.ehr.JunitUserDaoTest" time="0.101"/>
</testsuite>